# JRE version: OpenJDK Runtime Environment Temurin-21.0.10+7 (21.0.10+7) (build 21.0.10+7-LTS)
# Java VM: OpenJDK 64-Bit Server VM Temurin-21.0.10+7 (21.0.10+7-LTS, mixed mode, sharing, tiered, compressed oops, compressed class ptrs, g1 gc, windows-amd64)
GC Precious Log:
 CardTable entry size: 512
 Card Set container configuration: InlinePtr #cards 5 size 8 Array Of Cards #cards 12 size 40 Howl #buckets 4 coarsen threshold 1843 Howl Bitmap #cards 512 size 80 coarsen threshold 460 Card regions per heap region 1 cards per card region 2048
 CPUs: 12 total, 12 available
 Memory: 16016M
 Large Page Support: Disabled
 NUMA Support: Disabled
 Compressed Oops: Enabled (32-bit)
 Heap Region Size: 1M
 Heap Min Capacity: 8M
 Heap Initial Capacity: 252M
 Heap Max Capacity: 1G
 Pre-touch: Disabled
 Parallel Workers: 10
 Concurrent Workers: 3
 Concurrent Refinement Workers: 10
 Periodic GC: Disabled
Heap:
 garbage-first heap   total 261120K, used 161910K [0x00000000c0000000, 0x0000000100000000)
  region size 1024K, 7 young (7168K), 6 survivors (6144K)
 Metaspace       used 107108K, committed 109632K, reserved 1179648K
  class space    used 15340K, committed 16576K, reserved 1048576K
GC Heap History (20 events):
Event: 116.257 GC heap before
{Heap before GC invocations=49 (full 0):
 garbage-first heap   total 209920K, used 142759K [0x00000000c0000000, 0x0000000100000000)
  region size 1024K, 23 young (23552K), 5 survivors (5120K)
 Metaspace       used 103764K, committed 106176K, reserved 1179648K
  class space    used 14936K, committed 16128K, reserved 1048576K
}
Event: 116.272 GC heap after
{Heap after GC invocations=50 (full 0):
 garbage-first heap   total 209920K, used 127450K [0x00000000c0000000, 0x0000000100000000)
  region size 1024K, 7 young (7168K), 7 survivors (7168K)
 Metaspace       used 103764K, committed 106176K, reserved 1179648K
  class space    used 14936K, committed 16128K, reserved 1048576K
}
Event: 123.228 GC heap before
{Heap before GC invocations=51 (full 0):
 garbage-first heap   total 215040K, used 191962K [0x00000000c0000000, 0x0000000100000000)
  region size 1024K, 66 young (67584K), 7 survivors (7168K)
 Metaspace       used 105050K, committed 107456K, reserved 1179648K
  class space    used 14991K, committed 16192K, reserved 1048576K
}
Event: 123.248 GC heap after
{Heap after GC invocations=52 (full 0):
 garbage-first heap   total 215040K, used 134175K [0x00000000c0000000, 0x0000000100000000)
  region size 1024K, 9 young (9216K), 9 survivors (9216K)
 Metaspace       used 105050K, committed 107456K, reserved 1179648K
  class space    used 14991K, committed 16192K, reserved 1048576K
}
Event: 130.266 GC heap before
{Heap before GC invocations=52 (full 0):
 garbage-first heap   total 215040K, used 191519K [0x00000000c0000000, 0x0000000100000000)
  region size 1024K, 66 young (67584K), 9 survivors (9216K)
 Metaspace       used 105065K, committed 107456K, reserved 1179648K
  class space    used 14991K, committed 16192K, reserved 1048576K
}
Event: 130.293 GC heap after
{Heap after GC invocations=53 (full 0):
 garbage-first heap   total 215040K, used 136351K [0x00000000c0000000, 0x0000000100000000)
  region size 1024K, 6 young (6144K), 6 survivors (6144K)
 Metaspace       used 105065K, committed 107456K, reserved 1179648K
  class space    used 14991K, committed 16192K, reserved 1048576K
}
Event: 137.877 GC heap before
{Heap before GC invocations=53 (full 0):
 garbage-first heap   total 215040K, used 193695K [0x00000000c0000000, 0x0000000100000000)
  region size 1024K, 62 young (63488K), 6 survivors (6144K)
 Metaspace       used 105077K, committed 107456K, reserved 1179648K
  class space    used 14991K, committed 16192K, reserved 1048576K
}
Event: 137.890 GC heap after
{Heap after GC invocations=54 (full 0):
 garbage-first heap   total 215040K, used 136573K [0x00000000c0000000, 0x0000000100000000)
  region size 1024K, 5 young (5120K), 5 survivors (5120K)
 Metaspace       used 105077K, committed 107456K, reserved 1179648K
  class space    used 14991K, committed 16192K, reserved 1048576K
}
Event: 142.070 GC heap before
{Heap before GC invocations=55 (full 0):
 garbage-first heap   total 229376K, used 202109K [0x00000000c0000000, 0x0000000100000000)
  region size 1024K, 62 young (63488K), 5 survivors (5120K)
 Metaspace       used 105676K, committed 108096K, reserved 1179648K
  class space    used 15106K, committed 16320K, reserved 1048576K
}
Event: 142.083 GC heap after
{Heap after GC invocations=56 (full 0):
 garbage-first heap   total 229376K, used 150170K [0x00000000c0000000, 0x0000000100000000)
  region size 1024K, 8 young (8192K), 8 survivors (8192K)
 Metaspace       used 105676K, committed 108096K, reserved 1179648K
  class space    used 15106K, committed 16320K, reserved 1048576K
}
Event: 147.340 GC heap before
{Heap before GC invocations=56 (full 0):
 garbage-first heap   total 229376K, used 206490K [0x00000000c0000000, 0x0000000100000000)
  region size 1024K, 63 young (64512K), 8 survivors (8192K)
 Metaspace       used 106930K, committed 109376K, reserved 1179648K
  class space    used 15325K, committed 16576K, reserved 1048576K
}
Event: 147.369 GC heap after
{Heap after GC invocations=57 (full 0):
 garbage-first heap   total 229376K, used 154289K [0x00000000c0000000, 0x0000000100000000)
  region size 1024K, 8 young (8192K), 8 survivors (8192K)
 Metaspace       used 106930K, committed 109376K, reserved 1179648K
  class space    used 15325K, committed 16576K, reserved 1048576K
}
Event: 153.298 GC heap before
{Heap before GC invocations=57 (full 0):
 garbage-first heap   total 229376K, used 206513K [0x00000000c0000000, 0x0000000100000000)
  region size 1024K, 59 young (60416K), 8 survivors (8192K)
 Metaspace       used 106940K, committed 109376K, reserved 1179648K
  class space    used 15325K, committed 16576K, reserved 1048576K
}
Event: 153.310 GC heap after
{Heap after GC invocations=58 (full 0):
 garbage-first heap   total 229376K, used 155691K [0x00000000c0000000, 0x0000000100000000)
  region size 1024K, 3 young (3072K), 3 survivors (3072K)
 Metaspace       used 106940K, committed 109376K, reserved 1179648K
  class space    used 15325K, committed 16576K, reserved 1048576K
}
Event: 161.927 GC heap before
{Heap before GC invocations=59 (full 0):
 garbage-first heap   total 261120K, used 207915K [0x00000000c0000000, 0x0000000100000000)
  region size 1024K, 55 young (56320K), 3 survivors (3072K)
 Metaspace       used 106949K, committed 109440K, reserved 1179648K
  class space    used 15325K, committed 16576K, reserved 1048576K
}
Event: 161.935 GC heap after
{Heap after GC invocations=60 (full 0):
 garbage-first heap   total 261120K, used 158284K [0x00000000c0000000, 0x0000000100000000)
  region size 1024K, 6 young (6144K), 6 survivors (6144K)
 Metaspace       used 106949K, committed 109440K, reserved 1179648K
  class space    used 15325K, committed 16576K, reserved 1048576K
}
Event: 171.040 GC heap before
{Heap before GC invocations=60 (full 0):
 garbage-first heap   total 261120K, used 238156K [0x00000000c0000000, 0x0000000100000000)
  region size 1024K, 84 young (86016K), 6 survivors (6144K)
 Metaspace       used 107103K, committed 109568K, reserved 1179648K
  class space    used 15340K, committed 16576K, reserved 1048576K
}
Event: 171.064 GC heap after
{Heap after GC invocations=61 (full 0):
 garbage-first heap   total 261120K, used 160219K [0x00000000c0000000, 0x0000000100000000)
  region size 1024K, 10 young (10240K), 10 survivors (10240K)
 Metaspace       used 107103K, committed 109568K, reserved 1179648K
  class space    used 15340K, committed 16576K, reserved 1048576K
}
Event: 178.481 GC heap before
{Heap before GC invocations=61 (full 0):
 garbage-first heap   total 261120K, used 237019K [0x00000000c0000000, 0x0000000100000000)
  region size 1024K, 85 young (87040K), 10 survivors (10240K)
 Metaspace       used 107108K, committed 109632K, reserved 1179648K
  class space    used 15340K, committed 16576K, reserved 1048576K
}
Event: 179.001 GC heap after
{Heap after GC invocations=62 (full 0):
 garbage-first heap   total 261120K, used 161910K [0x00000000c0000000, 0x0000000100000000)
  region size 1024K, 6 young (6144K), 6 survivors (6144K)
 Metaspace       used 107108K, committed 109632K, reserved 1179648K
  class space    used 15340K, committed 16576K, reserved 1048576K
}

